\BOOKMARK [0][-]{MUTESCHAPTER.1.0}{\376\377\000S\000u\000m\000\341\000r\000i\000o}{}% 1
\BOOKMARK [0][-]{CHAPTER.1}{\376\377\0001\000\040\000I\000n\000t\000r\000o\000d\000u\000\347\000\343\000o}{}% 2
\BOOKMARK [1][-]{section.1.1}{\376\377\0001\000.\0001\000\040\000I\000n\000t\000r\000o\000d\000u\000\347\000\343\000o\000\040\000a\000o\000\040\000p\000r\000o\000b\000l\000e\000m\000a}{CHAPTER.1}% 3
\BOOKMARK [1][-]{section.1.2}{\376\377\0001\000.\0002\000\040\000I\000n\000t\000r\000o\000d\000u\000\347\000\343\000o\000\040\000\340\000\040\000l\000i\000n\000g\000u\000a\000g\000e\000m}{CHAPTER.1}% 4
\BOOKMARK [1][-]{section.1.3}{\376\377\0001\000.\0003\000\040\000I\000n\000t\000r\000o\000d\000u\000\347\000\343\000o\000\040\000a\000o\000\040\000f\000r\000a\000m\000e\000w\000o\000r\000k\000\040\000M\000o\000n\000o\000g\000a\000m\000e}{CHAPTER.1}% 5
\BOOKMARK [0][-]{CHAPTER.2}{\376\377\0002\000\040\000V\000i\000s\000\343\000o\000\040\000G\000e\000r\000a\000l\000\040\000d\000a\000\040\000L\000i\000n\000g\000u\000a\000g\000e\000m}{}% 6
\BOOKMARK [1][-]{section.2.1}{\376\377\0002\000.\0001\000\040\000A\000p\000r\000e\000s\000e\000n\000t\000a\000\347\000\343\000o\000\040\000d\000a\000\040\000l\000i\000n\000g\000u\000a\000g\000e\000m\000\040\000e\000s\000c\000o\000l\000h\000i\000d\000a}{CHAPTER.2}% 7
\BOOKMARK [0][-]{CHAPTER.3}{\376\377\0003\000\040\000A\000n\000\341\000l\000i\000s\000e\000\040\000C\000r\000\355\000t\000i\000c\000a}{}% 8
\BOOKMARK [1][-]{section.3.1}{\376\377\0003\000.\0001\000\040\000C\000r\000i\000t\000\351\000r\000i\000o\000s\000\040\000e\000\040\000P\000r\000o\000p\000r\000i\000e\000d\000a\000d\000e\000s}{CHAPTER.3}% 9
\BOOKMARK [2][-]{subsection.3.1.1}{\376\377\0003\000.\0001\000.\0001\000\040\000T\000a\000b\000e\000l\000a\000\040\000d\000e\000\040\000C\000r\000i\000t\000\351\000r\000i\000o\000s\000\040\000e\000\040\000P\000r\000o\000p\000r\000i\000e\000d\000a\000d\000e\000s}{section.3.1}% 10
\BOOKMARK [2][-]{subsection.3.1.2}{\376\377\0003\000.\0001\000.\0002\000\040\000S\000i\000m\000p\000l\000i\000c\000i\000d\000a\000d\000e}{section.3.1}% 11
\BOOKMARK [2][-]{subsection.3.1.3}{\376\377\0003\000.\0001\000.\0003\000\040\000O\000r\000t\000o\000g\000o\000n\000a\000l\000i\000d\000a\000d\000e}{section.3.1}% 12
\BOOKMARK [2][-]{subsection.3.1.4}{\376\377\0003\000.\0001\000.\0004\000\040\000E\000x\000p\000r\000e\000s\000s\000i\000v\000i\000d\000a\000d\000e}{section.3.1}% 13
\BOOKMARK [2][-]{subsection.3.1.5}{\376\377\0003\000.\0001\000.\0005\000\040\000A\000d\000e\000q\000u\000a\000b\000i\000l\000i\000d\000a\000d\000e\000\040\000e\000\040\000v\000a\000r\000i\000e\000d\000a\000d\000e\000\040\000d\000e\000\040\000e\000s\000t\000r\000u\000t\000u\000r\000a\000s\000\040\000d\000e\000\040\000c\000o\000n\000t\000r\000o\000l\000e}{section.3.1}% 14
\BOOKMARK [2][-]{subsection.3.1.6}{\376\377\0003\000.\0001\000.\0006\000\040\000M\000e\000c\000a\000n\000i\000s\000m\000o\000s\000\040\000d\000e\000\040\000d\000e\000f\000i\000n\000i\000\347\000\343\000o\000\040\000d\000e\000\040\000t\000i\000p\000o\000s}{section.3.1}% 15
\BOOKMARK [2][-]{subsection.3.1.7}{\376\377\0003\000.\0001\000.\0007\000\040\000S\000u\000p\000o\000r\000t\000e\000\040\000a\000\040\000a\000b\000s\000t\000r\000a\000\347\000\343\000o\000\040\000d\000e\000\040\000d\000a\000d\000o\000s\000\040\000e\000\040\000d\000e\000\040\000p\000r\000o\000c\000e\000s\000s\000o\000s}{section.3.1}% 16
\BOOKMARK [2][-]{subsection.3.1.8}{\376\377\0003\000.\0001\000.\0008\000\040\000M\000o\000d\000e\000l\000o\000\040\000d\000e\000\040\000t\000i\000p\000o\000s}{section.3.1}% 17
\BOOKMARK [2][-]{subsection.3.1.9}{\376\377\0003\000.\0001\000.\0009\000\040\000P\000o\000r\000t\000a\000b\000i\000l\000i\000d\000a\000d\000e}{section.3.1}% 18
\BOOKMARK [2][-]{subsection.3.1.10}{\376\377\0003\000.\0001\000.\0001\0000\000\040\000R\000e\000u\000s\000a\000b\000i\000l\000i\000d\000a\000d\000e}{section.3.1}% 19
\BOOKMARK [2][-]{subsection.3.1.11}{\376\377\0003\000.\0001\000.\0001\0001\000\040\000S\000u\000p\000o\000r\000t\000e\000\040\000e\000\040\000D\000o\000c\000u\000m\000e\000n\000t\000a\000\347\000\343\000o}{section.3.1}% 20
\BOOKMARK [2][-]{subsection.3.1.12}{\376\377\0003\000.\0001\000.\0001\0002\000\040\000T\000a\000m\000a\000n\000h\000o\000\040\000d\000e\000\040\000C\000\363\000d\000i\000g\000o}{section.3.1}% 21
\BOOKMARK [2][-]{subsection.3.1.13}{\376\377\0003\000.\0001\000.\0001\0003\000\040\000G\000e\000n\000e\000r\000a\000l\000i\000d\000a\000d\000e}{section.3.1}% 22
\BOOKMARK [2][-]{subsection.3.1.14}{\376\377\0003\000.\0001\000.\0001\0004\000\040\000E\000f\000i\000c\000i\000\352\000n\000c\000i\000a\000\040\000e\000\040\000C\000u\000s\000t\000o}{section.3.1}% 23
\BOOKMARK [0][-]{CHAPTER.4}{\376\377\0004\000\040\000R\000e\000q\000u\000i\000s\000i\000t\000o\000s}{}% 24
\BOOKMARK [1][-]{section.4.1}{\376\377\0004\000.\0001\000\040\000P\000a\000r\000a\000d\000i\000g\000m\000a\000\040\000O\000O}{CHAPTER.4}% 25
\BOOKMARK [2][-]{subsection.4.1.1}{\376\377\0004\000.\0001\000.\0001\000\040\000C\000l\000a\000s\000s\000e\000s}{section.4.1}% 26
\BOOKMARK [2][-]{subsection.4.1.2}{\376\377\0004\000.\0001\000.\0002\000\040\000E\000n\000c\000a\000p\000s\000u\000l\000a\000m\000e\000n\000t\000o\000\040\000e\000\040\000P\000r\000o\000t\000e\000\347\000\343\000o}{section.4.1}% 27
\BOOKMARK [2][-]{subsection.4.1.3}{\376\377\0004\000.\0001\000.\0003\000\040\000D\000e\000s\000t\000r\000u\000t\000o\000r\000e\000s}{section.4.1}% 28
\BOOKMARK [2][-]{subsection.4.1.4}{\376\377\0004\000.\0001\000.\0004\000\040\000E\000s\000p\000a\000\347\000o\000s\000\040\000d\000e\000\040\000n\000o\000m\000e\000s}{section.4.1}% 29
\BOOKMARK [2][-]{subsection.4.1.5}{\376\377\0004\000.\0001\000.\0005\000\040\000H\000e\000r\000a\000n\000\347\000a}{section.4.1}% 30
\BOOKMARK [2][-]{subsection.4.1.6}{\376\377\0004\000.\0001\000.\0006\000\040\000P\000o\000l\000i\000m\000o\000r\000f\000i\000s\000m\000o\000\040\000p\000o\000r\000\040\000I\000n\000c\000l\000u\000s\000\343\000o}{section.4.1}% 31
\BOOKMARK [2][-]{subsection.4.1.7}{\376\377\0004\000.\0001\000.\0007\000\040\000P\000o\000l\000i\000m\000o\000r\000f\000i\000s\000m\000o\000\040\000P\000a\000r\000a\000m\000\351\000t\000r\000i\000c\000o}{section.4.1}% 32
\BOOKMARK [2][-]{subsection.4.1.8}{\376\377\0004\000.\0001\000.\0008\000\040\000P\000o\000l\000i\000m\000o\000r\000f\000i\000s\000m\000o\000\040\000p\000o\000r\000\040\000S\000o\000b\000r\000e\000c\000a\000r\000g\000a}{section.4.1}% 33
\BOOKMARK [2][-]{subsection.4.1.9}{\376\377\0004\000.\0001\000.\0009\000\040\000D\000e\000l\000e\000g\000a\000t\000e\000s}{section.4.1}% 34
\BOOKMARK [1][-]{section.4.2}{\376\377\0004\000.\0002\000\040\000P\000a\000r\000a\000d\000i\000g\000m\000a\000\040\000f\000u\000n\000c\000i\000o\000n\000a\000l}{CHAPTER.4}% 35
\BOOKMARK [2][-]{subsection.4.2.1}{\376\377\0004\000.\0002\000.\0001\000\040\000E\000l\000e\000m\000e\000n\000t\000o\000s\000\040\000I\000m\000u\000t\000\341\000v\000e\000i\000s\000\040\000e\000\040\000F\000u\000n\000\347\000\365\000e\000s\000\040\000P\000u\000r\000a\000s}{section.4.2}% 36
\BOOKMARK [2][-]{subsection.4.2.2}{\376\377\0004\000.\0002\000.\0002\000\040\000F\000u\000n\000\347\000\365\000e\000s\000\040\000L\000a\000m\000b\000d\000a}{section.4.2}% 37
\BOOKMARK [2][-]{subsection.4.2.3}{\376\377\0004\000.\0002\000.\0003\000\040\000P\000a\000t\000t\000e\000r\000n\000\040\000M\000a\000t\000c\000h\000i\000n\000g}{section.4.2}% 38
\BOOKMARK [2][-]{subsection.4.2.4}{\376\377\0004\000.\0002\000.\0004\000\040\000F\000u\000n\000\347\000\365\000e\000s\000\040\000d\000e\000\040\000O\000r\000d\000e\000m\000\040\000S\000u\000p\000e\000r\000i\000o\000r}{section.4.2}% 39
\BOOKMARK [2][-]{subsection.4.2.5}{\376\377\0004\000.\0002\000.\0005\000\040\000F\000u\000n\000\347\000\365\000e\000s\000\040\000d\000e\000\040\000O\000r\000d\000e\000m\000\040\000S\000u\000p\000e\000r\000i\000o\000r\000\040\000P\000r\000o\000n\000t\000a\000s}{section.4.2}% 40
\BOOKMARK [2][-]{subsection.4.2.6}{\376\377\0004\000.\0002\000.\0006\000\040\000F\000u\000n\000\347\000\365\000e\000s\000\040\000C\000o\000m\000o\000\040\000E\000l\000e\000m\000e\000n\000t\000o\000s\000\040\000d\000e\000\040\000P\000r\000i\000m\000e\000i\000r\000a\000\040\000O\000r\000d\000e\000m}{section.4.2}% 41
\BOOKMARK [2][-]{subsection.4.2.7}{\376\377\0004\000.\0002\000.\0007\000\040\000R\000e\000c\000u\000r\000s\000\343\000o}{section.4.2}% 42
\BOOKMARK [2][-]{subsection.4.2.8}{\376\377\0004\000.\0002\000.\0008\000\040\000C\000u\000r\000r\000y\000i\000n\000g}{section.4.2}% 43
\BOOKMARK [0][-]{CHAPTER.5}{\376\377\0005\000\040\000C\000O\000N\000C\000L\000U\000S\000\303\000O}{}% 44
\BOOKMARK [1][-]{section.5.1}{\376\377\0005\000.\0001\000\040\000A\000n\000a\000l\000i\000s\000a\000n\000d\000o\000\040\000o\000s\000\040\000p\000a\000r\000a\000d\000i\000g\000m\000a\000s}{CHAPTER.5}% 45
\BOOKMARK [1][-]{section.5.2}{\376\377\0005\000.\0002\000\040\000B\000e\000n\000e\000f\000\355\000c\000i\000o\000s\000\040\000e\000\040\000L\000i\000m\000i\000t\000a\000\347\000\365\000e\000s}{CHAPTER.5}% 46
\BOOKMARK [0][-]{CHAPTER.6}{\376\377\0006\000\040\000R\000e\000f\000e\000r\000\352\000n\000c\000i\000a\000s}{}% 47
